<?xml version="1.0" encoding="UTF-8"?>
<!-- Generated by org.testng.reporters.JUnitXMLReporter -->
<testsuite ignored="4" hostname="DESKTOP-RRGPARO" failures="0" tests="17" name="ECQR_Temp_Emp" time="420.966" errors="0" timestamp="2023-11-22T15:07:31 IST">
  <testcase classname="Testcases_ECQR.ECQR_RegEMP" name="LoginPage" time="23.254"/>
  <testcase classname="Testcases_ECQR.ECQR_RegEMP" name="ClientPage" time="3.334"/>
  <testcase classname="Testcases_ECQR.ECQR_RegEMP" name="RequirementPage" time="2.423"/>
  <testcase classname="Testcases_ECQR.ECQR_RegEMP" name="SearchReqPage" time="20.823"/>
  <testcase classname="Testcases_ECQR.ECQR_RegEMP" name="CandidatePage" time="2.249"/>
  <testcase classname="Testcases_ECQR.ECQR_RegEMP" name="SubmitCandAndReq" time="1.862"/>
  <testcase classname="Testcases_ECQR.ECQR_RegEMP" name="Submit_OfferRequested_Page" time="1.73"/>
  <testcase classname="Testcases_ECQR.ECQR_RegEMP" name="Submit_OfferAccepted_Page" time="1.908"/>
  <testcase classname="Testcases_ECQR.ECQR_RegEMP" name="InititiateOB_Page" time="1.994"/>
  <testcase classname="Testcases_ECQR.ECQR_RegEMP" name="RecApproval_Page" time="4.201"/>
  <testcase classname="Testcases_ECQR.ECQR_RegEMP" name="ManagerApproval_Page" time="3.745"/>
  <testcase classname="Testcases_ECQR.ECQR_RegEMP" name="OBEmpPortal_Page" time="1.557"/>
  <testcase classname="Testcases_ECQR.ECQR_RegEMP" name="OB_EmpModule_Page" time="116.688"/>
  <testcase classname="Testcases_ECQR.ECQR_RegEMP" name="HRApproval_Page" time="84.716"/>
  <testcase classname="Testcases_ECQR.ECQR_RegEMP" name="CreateEmp_Page" time="21.84"/>
  <testcase classname="Testcases_ECQR.ECQR_RegEMP" name="ExternalEmpView_Page" time="18.194"/>
  <testcase classname="Testcases_ECQR.ECQR_RegEMP" name="BillPayRateChange" time="99.726"/>
  <testcase classname="Testcases_ECQR.ECQR_RegEMP" name="BackGroundCheck_Sterling" time="0.0">
    <ignored/>
  </testcase> <!-- BackGroundCheck_Sterling -->
  <testcase classname="Testcases_ECQR.ECQR_RegEMP" name="Regular_Timesheet" time="0.0">
    <ignored/>
  </testcase> <!-- Regular_Timesheet -->
  <testcase classname="Testcases_ECQR.ECQR_RegEMP" name="Regular_InvoiceApproval" time="0.0">
    <ignored/>
  </testcase> <!-- Regular_InvoiceApproval -->
  <testcase classname="Testcases_ECQR.ECQR_RegEMP" name="Regular_Invoice" time="0.0">
    <ignored/>
  </testcase> <!-- Regular_Invoice -->
</testsuite> <!-- ECQR_Temp_Emp -->
