<?xml version="1.0" encoding="UTF-8"?>
<!-- Generated by org.testng.reporters.JUnitXMLReporter -->
<testsuite ignored="2" hostname="DESKTOP-RRGPARO" failures="0" tests="9" name="US_DH" time="133.144" errors="0" timestamp="2023-11-18T13:10:13 IST">
  <testcase classname="Testcases_US.US_DH_RegEmp" name="LoginPage" time="10.459"/>
  <testcase classname="Testcases_US.US_DH_RegEmp" name="SearchRequirement" time="19.338"/>
  <testcase classname="Testcases_US.US_DH_RegEmp" name="AddNewCandidate" time="0.559"/>
  <testcase classname="Testcases_US.US_DH_RegEmp" name="SubmitCandAndReq" time="0.273"/>
  <testcase classname="Testcases_US.US_DH_RegEmp" name="OfferRequest" time="12.755"/>
  <testcase classname="Testcases_US.US_DH_RegEmp" name="OfferAccept" time="25.273"/>
  <testcase classname="Testcases_US.US_DH_RegEmp" name="Create_DirectHire" time="14.856"/>
  <testcase classname="Testcases_US.US_DH_RegEmp" name="DirectHireApproval" time="25.989"/>
  <testcase classname="Testcases_US.US_DH_RegEmp" name="ViewEmp_DH_Module" time="15.586"/>
  <testcase classname="Testcases_US.US_DH_RegEmp" name="NewClient" time="0.0">
    <ignored/>
  </testcase> <!-- NewClient -->
  <testcase classname="Testcases_US.US_DH_RegEmp" name="NewRequirement" time="0.0">
    <ignored/>
  </testcase> <!-- NewRequirement -->
</testsuite> <!-- US_DH -->
