<?xml version="1.0" encoding="UTF-8"?>
<!-- Generated by org.testng.reporters.JUnitXMLReporter -->
<testsuite ignored="3" hostname="DESKTOP-RRGPARO" failures="0" tests="14" name="BCVS_Temp_Emp" time="327.768" errors="0" timestamp="2023-09-20T09:37:19 IST">
  <testcase classname="Testcases_BCVS.BCVS_Employee" name="LoginPage" time="10.549"/>
  <testcase classname="Testcases_BCVS.BCVS_Employee" name="SearchReqPage" time="26.063"/>
  <testcase classname="Testcases_BCVS.BCVS_Employee" name="CandidatePage" time="23.748"/>
  <testcase classname="Testcases_BCVS.BCVS_Employee" name="SubmitCandAndReq" time="23.712"/>
  <testcase classname="Testcases_BCVS.BCVS_Employee" name="Submit_OfferRequested_Page" time="23.781"/>
  <testcase classname="Testcases_BCVS.BCVS_Employee" name="Submit_OfferAccepted_Page" time="23.344"/>
  <testcase classname="Testcases_BCVS.BCVS_Employee" name="InititiateOB_Page" time="23.687"/>
  <testcase classname="Testcases_BCVS.BCVS_Employee" name="RecApproval_Page" time="23.944"/>
  <testcase classname="Testcases_BCVS.BCVS_Employee" name="ManagerApproval_Page" time="23.614"/>
  <testcase classname="Testcases_BCVS.BCVS_Employee" name="OBEmpPortal_Page" time="23.786"/>
  <testcase classname="Testcases_BCVS.BCVS_Employee" name="OB_EmpModule_Page" time="23.9"/>
  <testcase classname="Testcases_BCVS.BCVS_Employee" name="HRApproval_Page" time="23.272"/>
  <testcase classname="Testcases_BCVS.BCVS_Employee" name="CreateEmp_Page" time="22.815"/>
  <testcase classname="Testcases_BCVS.BCVS_Employee" name="ExternalEmpView_Page" time="24.437"/>
  <testcase classname="Testcases_BCVS.BCVS_Employee" name="BackGroundCheck_Sterling" time="0.0">
    <ignored/>
  </testcase> <!-- BackGroundCheck_Sterling -->
  <testcase classname="Testcases_BCVS.BCVS_Employee" name="RequirementPage" time="0.0">
    <ignored/>
  </testcase> <!-- RequirementPage -->
  <testcase classname="Testcases_BCVS.BCVS_Employee" name="ClientPage" time="0.0">
    <ignored/>
  </testcase> <!-- ClientPage -->
</testsuite> <!-- BCVS_Temp_Emp -->
