<?xml version="1.0" encoding="UTF-8"?>
<testng-results ignored="0" total="1" passed="1" failed="0" skipped="0">
  <reporter-output>
  </reporter-output>
  <suite started-at="2023-11-29T16:49:00 IST" name="Default suite" finished-at="2023-11-29T16:49:52 IST" duration-ms="52798">
    <groups>
    </groups>
    <test started-at="2023-11-29T16:49:00 IST" name="Default test" finished-at="2023-11-29T16:49:52 IST" duration-ms="52798">
      <class name="TestCases_India.India_Emp">
        <test-method is-config="true" signature="openBrowser()[pri:0, instance:TestCases_India.India_Emp@3c407114]" started-at="2023-11-29T16:49:00 IST" name="openBrowser" finished-at="2023-11-29T16:49:03 IST" duration-ms="3072" status="PASS">
          <reporter-output>
          </reporter-output>
        </test-method> <!-- openBrowser -->
        <test-method signature="Employee(java.lang.String)[pri:0, instance:TestCases_India.India_Emp@3c407114]" started-at="2023-11-29T16:49:03 IST" name="Employee" data-provider="TestData" finished-at="2023-11-29T16:49:52 IST" duration-ms="49397" status="PASS">
          <params>
            <param index="0">
              <value>
                <![CDATA[testData]]>
              </value>
            </param>
          </params>
          <reporter-output>
          </reporter-output>
        </test-method> <!-- Employee -->
        <test-method is-config="true" signature="CloseBrowser()[pri:0, instance:TestCases_India.India_Emp@3c407114]" started-at="2023-11-29T16:49:52 IST" name="CloseBrowser" finished-at="2023-11-29T16:49:52 IST" duration-ms="0" status="PASS">
          <reporter-output>
          </reporter-output>
        </test-method> <!-- CloseBrowser -->
      </class> <!-- TestCases_India.India_Emp -->
    </test> <!-- Default test -->
  </suite> <!-- Default suite -->
</testng-results>
