<?xml version="1.0" encoding="UTF-8"?>
<!-- Generated by org.testng.reporters.JUnitXMLReporter -->
<testsuite ignored="0" hostname="DESKTOP-RRGPARO" failures="0" tests="16" name="Clinical Employee Process" time="1077.215" errors="0" timestamp="2023-11-17T11:39:32 IST">
  <testcase classname="Testcases_US.US_Clinical_JC" name="Clinical_JC_Emp" time="430.608"/>
  <testcase classname="Testcases_US.US_Clinical_JC" name="Clinical_JC_Emp" time="46.821"/>
  <testcase classname="Testcases_US.US_Clinical_JC" name="Clinical_JC_Emp" time="44.704"/>
  <testcase classname="Testcases_US.US_Clinical_JC" name="Clinical_JC_Emp" time="41.789"/>
  <testcase classname="Testcases_US.US_Clinical_JC" name="Clinical_JC_Emp" time="43.691"/>
  <testcase classname="Testcases_US.US_Clinical_JC" name="Clinical_JC_Emp" time="45.287"/>
  <testcase classname="Testcases_US.US_Clinical_JC" name="Clinical_JC_Emp" time="45.104"/>
  <testcase classname="Testcases_US.US_Clinical_JC" name="Clinical_JC_Emp" time="45.195"/>
  <testcase classname="Testcases_US.US_Clinical_JC" name="Clinical_JC_Emp" time="44.553"/>
  <testcase classname="Testcases_US.US_Clinical_JC" name="Clinical_JC_Emp" time="47.27"/>
  <testcase classname="Testcases_US.US_Clinical_JC" name="Clinical_JC_Emp" time="44.109"/>
  <testcase classname="Testcases_US.US_Clinical_JC" name="Clinical_JC_Emp" time="37.174"/>
  <testcase classname="Testcases_US.US_Clinical_JC" name="Clinical_JC_Emp" time="37.062"/>
  <testcase classname="Testcases_US.US_Clinical_JC" name="Clinical_JC_Emp" time="37.797"/>
  <testcase classname="Testcases_US.US_Clinical_JC" name="Clinical_JC_Emp" time="39.016"/>
  <testcase classname="Testcases_US.US_Clinical_JC" name="Clinical_JC_Emp" time="33.527"/>
</testsuite> <!-- Clinical Employee Process -->
