<?xml version="1.0" encoding="UTF-8"?>
<!-- Generated by org.testng.reporters.JUnitXMLReporter -->
<testsuite ignored="2" hostname="DESKTOP-RRGPARO" failures="0" tests="6" name="UK_DH" time="154.863" errors="0" timestamp="2023-11-18T12:57:51 IST">
  <testcase classname="TestCases_UK.UK_DirectHire_Employee" name="LoginPage" time="10.739"/>
  <testcase classname="TestCases_UK.UK_DirectHire_Employee" name="SearchReqPage" time="18.563"/>
  <testcase classname="TestCases_UK.UK_DirectHire_Employee" name="CandidatePage" time="50.494"/>
  <testcase classname="TestCases_UK.UK_DirectHire_Employee" name="Create_DirectHire" time="29.876"/>
  <testcase classname="TestCases_UK.UK_DirectHire_Employee" name="DirectHire_Approval" time="23.518"/>
  <testcase classname="TestCases_UK.UK_DirectHire_Employee" name="ViewEmp_DH_Module" time="16.423"/>
  <testcase classname="TestCases_UK.UK_DirectHire_Employee" name="ClientPage" time="0.0">
    <ignored/>
  </testcase> <!-- ClientPage -->
  <testcase classname="TestCases_UK.UK_DirectHire_Employee" name="RequirementPage" time="0.0">
    <ignored/>
  </testcase> <!-- RequirementPage -->
</testsuite> <!-- UK_DH -->
