<?xml version="1.0" encoding="UTF-8"?>
<!-- Generated by org.testng.reporters.JUnitXMLReporter -->
<testsuite ignored="0" hostname="DESKTOP-RRGPARO" failures="0" tests="51" name="Timesheet_US" time="1351.697" errors="0" timestamp="2023-09-11T17:49:22 IST">
  <testcase classname="Testcases_US.US_TimeSheet" name="TimeSheet_US" time="44.356"/>
  <testcase classname="Testcases_US.US_TimeSheet" name="TimeSheet_US" time="25.488"/>
  <testcase classname="Testcases_US.US_TimeSheet" name="TimeSheet_US" time="27.52"/>
  <testcase classname="Testcases_US.US_TimeSheet" name="TimeSheet_US" time="25.935"/>
  <testcase classname="Testcases_US.US_TimeSheet" name="TimeSheet_US" time="42.068"/>
  <testcase classname="Testcases_US.US_TimeSheet" name="TimeSheet_US" time="25.239"/>
  <testcase classname="Testcases_US.US_TimeSheet" name="TimeSheet_US" time="26.86"/>
  <testcase classname="Testcases_US.US_TimeSheet" name="TimeSheet_US" time="26.075"/>
  <testcase classname="Testcases_US.US_TimeSheet" name="TimeSheet_US" time="25.798"/>
  <testcase classname="Testcases_US.US_TimeSheet" name="TimeSheet_US" time="25.192"/>
  <testcase classname="Testcases_US.US_TimeSheet" name="TimeSheet_US" time="25.173"/>
  <testcase classname="Testcases_US.US_TimeSheet" name="TimeSheet_US" time="25.456"/>
  <testcase classname="Testcases_US.US_TimeSheet" name="TimeSheet_US" time="25.493"/>
  <testcase classname="Testcases_US.US_TimeSheet" name="TimeSheet_US" time="26.968"/>
  <testcase classname="Testcases_US.US_TimeSheet" name="TimeSheet_US" time="25.391"/>
  <testcase classname="Testcases_US.US_TimeSheet" name="TimeSheet_US" time="25.779"/>
  <testcase classname="Testcases_US.US_TimeSheet" name="TimeSheet_US" time="25.504"/>
  <testcase classname="Testcases_US.US_TimeSheet" name="TimeSheet_US" time="25.457"/>
  <testcase classname="Testcases_US.US_TimeSheet" name="TimeSheet_US" time="25.385"/>
  <testcase classname="Testcases_US.US_TimeSheet" name="TimeSheet_US" time="26.259"/>
  <testcase classname="Testcases_US.US_TimeSheet" name="TimeSheet_US" time="24.798"/>
  <testcase classname="Testcases_US.US_TimeSheet" name="TimeSheet_US" time="25.389"/>
  <testcase classname="Testcases_US.US_TimeSheet" name="TimeSheet_US" time="25.142"/>
  <testcase classname="Testcases_US.US_TimeSheet" name="TimeSheet_US" time="24.55"/>
  <testcase classname="Testcases_US.US_TimeSheet" name="TimeSheet_US" time="25.312"/>
  <testcase classname="Testcases_US.US_TimeSheet" name="TimeSheet_US" time="24.499"/>
  <testcase classname="Testcases_US.US_TimeSheet" name="TimeSheet_US" time="25.191"/>
  <testcase classname="Testcases_US.US_TimeSheet" name="TimeSheet_US" time="25.198"/>
  <testcase classname="Testcases_US.US_TimeSheet" name="TimeSheet_US" time="25.348"/>
  <testcase classname="Testcases_US.US_TimeSheet" name="TimeSheet_US" time="25.434"/>
  <testcase classname="Testcases_US.US_TimeSheet" name="TimeSheet_US" time="25.488"/>
  <testcase classname="Testcases_US.US_TimeSheet" name="TimeSheet_US" time="25.023"/>
  <testcase classname="Testcases_US.US_TimeSheet" name="TimeSheet_US" time="26.485"/>
  <testcase classname="Testcases_US.US_TimeSheet" name="TimeSheet_US" time="25.515"/>
  <testcase classname="Testcases_US.US_TimeSheet" name="TimeSheet_US" time="25.177"/>
  <testcase classname="Testcases_US.US_TimeSheet" name="TimeSheet_US" time="25.86"/>
  <testcase classname="Testcases_US.US_TimeSheet" name="TimeSheet_US" time="24.979"/>
  <testcase classname="Testcases_US.US_TimeSheet" name="TimeSheet_US" time="25.26"/>
  <testcase classname="Testcases_US.US_TimeSheet" name="TimeSheet_US" time="25.563"/>
  <testcase classname="Testcases_US.US_TimeSheet" name="TimeSheet_US" time="25.019"/>
  <testcase classname="Testcases_US.US_TimeSheet" name="TimeSheet_US" time="25.264"/>
  <testcase classname="Testcases_US.US_TimeSheet" name="TimeSheet_US" time="25.476"/>
  <testcase classname="Testcases_US.US_TimeSheet" name="TimeSheet_US" time="24.775"/>
  <testcase classname="Testcases_US.US_TimeSheet" name="TimeSheet_US" time="25.657"/>
  <testcase classname="Testcases_US.US_TimeSheet" name="TimeSheet_US" time="25.063"/>
  <testcase classname="Testcases_US.US_TimeSheet" name="TimeSheet_US" time="26.411"/>
  <testcase classname="Testcases_US.US_TimeSheet" name="TimeSheet_US" time="25.294"/>
  <testcase classname="Testcases_US.US_TimeSheet" name="TimeSheet_US" time="25.242"/>
  <testcase classname="Testcases_US.US_TimeSheet" name="TimeSheet_US" time="25.929"/>
  <testcase classname="Testcases_US.US_TimeSheet" name="TimeSheet_US" time="25.383"/>
  <testcase classname="Testcases_US.US_TimeSheet" name="TimeSheet_US" time="24.884"/>
</testsuite> <!-- Timesheet_US -->
